<?xml version="1.0" encoding="utf-8"?><testsuites name="pytest tests"><testsuite name="pytest" errors="0" failures="0" skipped="0" tests="22" time="4.210" timestamp="2026-03-22T07:34:28.997430+00:00" hostname="agent-env-edb4e8e5-98fa-4cf9-b2fb-871d3ecef1c1"><testcase classname="tests.test_content_api.TestContentAPIAuthentication" name="test_formulary_requires_auth" time="0.201" /><testcase classname="tests.test_content_api.TestContentAPIAuthentication" name="test_drug_categories_requires_auth" time="0.112" /><testcase classname="tests.test_content_api.TestContentAPIAuthentication" name="test_metadata_requires_auth" time="0.117" /><testcase classname="tests.test_content_api.TestContentAPIAuthentication" name="test_single_drug_requires_auth" time="0.108" /><testcase classname="tests.test_content_api.TestContentAPIAuthentication" name="test_renal_adjustments_requires_auth" time="0.094" /><testcase classname="tests.test_content_api.TestContentAPISubscription" name="test_formulary_requires_subscription" time="0.445" /><testcase classname="tests.test_content_api.TestContentAPISubscription" name="test_single_drug_requires_subscription" time="0.116" /><testcase classname="tests.test_content_api.TestContentAPISubscription" name="test_renal_adjustments_requires_subscription" time="0.101" /><testcase classname="tests.test_content_api.TestContentAPISubscription" name="test_drug_categories_only_requires_auth" time="0.106" /><testcase classname="tests.test_content_api.TestContentAPISubscription" name="test_metadata_only_requires_auth" time="0.129" /><testcase classname="tests.test_content_api.TestContentAPIAdminAccess" name="test_admin_can_access_formulary" time="0.497" /><testcase classname="tests.test_content_api.TestContentAPIAdminAccess" name="test_admin_can_access_single_drug" time="0.104" /><testcase classname="tests.test_content_api.TestContentAPIAdminAccess" name="test_admin_can_access_renal_adjustments" time="0.110" /><testcase classname="tests.test_content_api.TestContentAPIDataIntegrity" name="test_formulary_returns_164_drugs" time="0.483" /><testcase classname="tests.test_content_api.TestContentAPIDataIntegrity" name="test_drug_has_required_fields" time="0.103" /><testcase classname="tests.test_content_api.TestContentAPIDataIntegrity" name="test_single_drug_lookup_returns_correct_drug" time="0.112" /><testcase classname="tests.test_content_api.TestContentAPIDataIntegrity" name="test_nonexistent_drug_returns_404" time="0.099" /><testcase classname="tests.test_content_api.TestContentAPIDataIntegrity" name="test_metadata_returns_correct_counts" time="0.121" /><testcase classname="tests.test_content_api.TestContentAPIDataIntegrity" name="test_drug_categories_returns_categories" time="0.103" /><testcase classname="tests.test_content_api.TestContentAPIFiltering" name="test_formulary_category_filter" time="0.473" /><testcase classname="tests.test_content_api.TestContentAPIFiltering" name="test_formulary_search_filter" time="0.099" /><testcase classname="tests.test_content_api.TestContentAPIFiltering" name="test_formulary_pagination" time="0.211" /></testsuite></testsuites>