<?xml version="1.0" encoding="utf-8"?><testsuites name="pytest tests"><testsuite name="pytest" errors="0" failures="0" skipped="0" tests="15" time="182.843" timestamp="2026-01-15T07:13:53.529782+00:00" hostname="agent-env-867309c6-f793-4402-8dbb-8ec4d8923f65"><testcase classname="tests.test_ocr_service.TestHealthEndpoints" name="test_health_check" time="0.110" /><testcase classname="tests.test_ocr_service.TestHealthEndpoints" name="test_api_health_check" time="0.045" /><testcase classname="tests.test_ocr_service.TestAuthentication" name="test_login_test_user" time="0.063" /><testcase classname="tests.test_ocr_service.TestAuthentication" name="test_login_admin_user" time="0.054" /><testcase classname="tests.test_ocr_service.TestAuthentication" name="test_login_invalid_credentials" time="0.039" /><testcase classname="tests.test_ocr_service.TestOCREndpoint" name="test_ocr_endpoint_with_img1" time="10.028" /><testcase classname="tests.test_ocr_service.TestOCREndpoint" name="test_ocr_endpoint_with_img3" time="24.268" /><testcase classname="tests.test_ocr_service.TestOCREndpoint" name="test_ocr_endpoint_missing_image" time="0.092" /><testcase classname="tests.test_ocr_service.TestOCREndpoint" name="test_ocr_endpoint_invalid_base64" time="0.032" /><testcase classname="tests.test_ocr_service.TestBloodGasAnalyzeImageOffline" name="test_analyze_image_offline_img3" time="23.550" /><testcase classname="tests.test_ocr_service.TestBloodGasAnalyzeImageOffline" name="test_analyze_image_offline_all_images" time="102.034" /><testcase classname="tests.test_ocr_service.TestBloodGasAnalyzeImageOffline" name="test_analyze_image_offline_missing_image" time="0.099" /><testcase classname="tests.test_ocr_service.TestBloodGasAnalyzeImage" name="test_analyze_image_img3" time="22.130" /><testcase classname="tests.test_ocr_service.TestBloodGasAnalyze" name="test_analyze_acidosis" time="0.147" /><testcase classname="tests.test_ocr_service.TestBloodGasAnalyze" name="test_analyze_normal_values" time="0.049" /></testsuite></testsuites>