<?xml version="1.0" encoding="utf-8"?><testsuites name="pytest tests"><testsuite name="pytest" errors="0" failures="0" skipped="0" tests="10" time="4.808" timestamp="2026-01-12T19:05:00.109656+00:00" hostname="agent-env-1056c407-3aa6-44fe-9520-f37e5dc4bbe0"><testcase classname="tests.test_paypal_subscription.TestSubscriptionPricing" name="test_get_pricing" time="0.076" /><testcase classname="tests.test_paypal_subscription.TestCreateOrder" name="test_create_order_returns_state_token" time="1.052" /><testcase classname="tests.test_paypal_subscription.TestCreateOrder" name="test_create_order_annual_plan" time="0.826" /><testcase classname="tests.test_paypal_subscription.TestCreateOrder" name="test_create_order_requires_auth" time="0.061" /><testcase classname="tests.test_paypal_subscription.TestCaptureOrderWithState" name="test_invalid_state_token_rejected" time="0.043" /><testcase classname="tests.test_paypal_subscription.TestCaptureOrderWithState" name="test_empty_state_token_rejected" time="0.043" /><testcase classname="tests.test_paypal_subscription.TestCaptureOrderWithState" name="test_capture_endpoint_exists" time="0.034" /><testcase classname="tests.test_paypal_subscription.TestStateTokenFlow" name="test_state_token_stored_in_database" time="2.496" /><testcase classname="tests.test_paypal_subscription.TestSubscriptionStatus" name="test_get_subscription_status" time="0.080" /><testcase classname="tests.test_paypal_subscription.TestVerifyPayPal" name="test_verify_paypal_config" time="0.034" /></testsuite></testsuites>