<?xml version="1.0" encoding="utf-8"?><testsuites name="pytest tests"><testsuite name="pytest" errors="0" failures="1" skipped="0" tests="10" time="3.919" timestamp="2026-01-12T19:02:09.289526+00:00" hostname="agent-env-1056c407-3aa6-44fe-9520-f37e5dc4bbe0"><testcase classname="tests.test_paypal_subscription.TestSubscriptionPricing" name="test_get_pricing" time="0.083" /><testcase classname="tests.test_paypal_subscription.TestCreateOrder" name="test_create_order_returns_state_token" time="1.298" /><testcase classname="tests.test_paypal_subscription.TestCreateOrder" name="test_create_order_annual_plan" time="0.864" /><testcase classname="tests.test_paypal_subscription.TestCreateOrder" name="test_create_order_requires_auth" time="0.046" /><testcase classname="tests.test_paypal_subscription.TestCaptureOrderWithState" name="test_invalid_state_token_rejected" time="0.046" /><testcase classname="tests.test_paypal_subscription.TestCaptureOrderWithState" name="test_empty_state_token_rejected" time="0.047" /><testcase classname="tests.test_paypal_subscription.TestCaptureOrderWithState" name="test_capture_endpoint_exists" time="0.039" /><testcase classname="tests.test_paypal_subscription.TestStateTokenFlow" name="test_state_token_stored_in_database" time="1.190" /><testcase classname="tests.test_paypal_subscription.TestSubscriptionStatus" name="test_get_subscription_status" time="0.086" /><testcase classname="tests.test_paypal_subscription.TestVerifyPayPal" name="test_verify_paypal_config" time="0.035"><failure message="AssertionError: Missing credential status in response&#10;assert ('credentials_configured' in {'api_url': 'https://api-m.sandbox.paypal.com', 'client_id': 'AdMyxMt1f2RPJvV...', 'mode': 'sandbox', 'success': True, ...} or 'client_id_configured' in {'api_url': 'https://api-m.sandbox.paypal.com', 'client_id': 'AdMyxMt1f2RPJvV...', 'mode': 'sandbox', 'success': True, ...})">tests/test_paypal_subscription.py:307: in test_verify_paypal_config
    assert "credentials_configured" in data or "client_id_configured" in data, \
E   AssertionError: Missing credential status in response
E   assert ('credentials_configured' in {'api_url': 'https://api-m.sandbox.paypal.com', 'client_id': 'AdMyxMt1f2RPJvV...', 'mode': 'sandbox', 'success': True, ...} or 'client_id_configured' in {'api_url': 'https://api-m.sandbox.paypal.com', 'client_id': 'AdMyxMt1f2RPJvV...', 'mode': 'sandbox', 'success': True, ...})</failure></testcase></testsuite></testsuites>