<?xml version="1.0" encoding="utf-8"?><testsuites name="pytest tests"><testsuite name="pytest" errors="0" failures="0" skipped="0" tests="14" time="5.945" timestamp="2026-02-27T12:02:06.003945+00:00" hostname="agent-env-a93c3b0c-fcae-4f4f-a4d7-9362a486cdf4"><testcase classname="backend.tests.test_device_management.TestAuthHealth" name="test_api_is_accessible" time="0.259" /><testcase classname="backend.tests.test_device_management.TestAuthHealth" name="test_admin_login_success" time="0.117" /><testcase classname="backend.tests.test_device_management.TestAuthHealth" name="test_regular_user_login_success" time="0.337" /><testcase classname="backend.tests.test_device_management.TestDeviceLimitEnforcement" name="test_device_limit_constant_is_3" time="0.255" /><testcase classname="backend.tests.test_device_management.TestDeviceLimitEnforcement" name="test_regular_user_device_count_in_admin_list" time="0.191" /><testcase classname="backend.tests.test_device_management.TestAdminDeviceManagement" name="test_get_user_devices_endpoint" time="0.212" /><testcase classname="backend.tests.test_device_management.TestAdminDeviceManagement" name="test_get_devices_for_nonexistent_user" time="0.158" /><testcase classname="backend.tests.test_device_management.TestAdminDeviceManagement" name="test_revoke_device_without_auth_fails" time="0.293" /><testcase classname="backend.tests.test_device_management.TestAdminDeviceManagement" name="test_revoke_nonexistent_device" time="0.221" /><testcase classname="backend.tests.test_device_management.TestAdminDeviceRevocation" name="test_revoke_single_device_flow" time="0.377" /><testcase classname="backend.tests.test_device_management.TestAdminDeviceRevocation" name="test_revoke_all_devices_flow" time="0.977" /><testcase classname="backend.tests.test_device_management.TestAdminBypassDeviceLimit" name="test_admin_no_device_limit_check_in_response" time="0.556" /><testcase classname="backend.tests.test_device_management.TestDeviceRegistrationOnLogin" name="test_device_registered_on_login" time="0.859" /><testcase classname="backend.tests.test_device_management.TestLogoutRemovesDevice" name="test_logout_removes_device" time="0.939" /></testsuite></testsuites>